<?xml version="1.0" encoding="UTF-8"?>
<coverage generated="1745324176893" clover="3.2.0">
  <project timestamp="1745324176893" name="All files">
    <metrics statements="21" coveredstatements="19" conditionals="4" coveredconditionals="4" methods="6" coveredmethods="5" elements="31" coveredelements="28" complexity="0" loc="21" ncloc="21" packages="1" files="1" classes="1"/>
    <file name="MessageInput.tsx" path="/Users/moayed/Desktop/Projects/CareAI/src/components/MessageInput.tsx">
      <metrics statements="21" coveredstatements="19" conditionals="4" coveredconditionals="4" methods="6" coveredmethods="5"/>
      <line num="11" count="1" type="stmt"/>
      <line num="12" count="9" type="stmt"/>
      <line num="14" count="9" type="stmt"/>
      <line num="15" count="5" type="stmt"/>
      <line num="16" count="5" type="stmt"/>
      <line num="18" count="5" type="cond" truecount="2" falsecount="0"/>
      <line num="31" count="9" type="stmt"/>
      <line num="32" count="2" type="stmt"/>
      <line num="33" count="2" type="stmt"/>
      <line num="34" count="2" type="stmt"/>
      <line num="36" count="0" type="stmt"/>
      <line num="40" count="9" type="stmt"/>
      <line num="41" count="3" type="stmt"/>
      <line num="42" count="3" type="stmt"/>
      <line num="43" count="3" type="cond" truecount="2" falsecount="0"/>
      <line num="44" count="2" type="stmt"/>
      <line num="45" count="2" type="stmt"/>
      <line num="47" count="1" type="stmt"/>
      <line num="50" count="0" type="stmt"/>
      <line num="54" count="9" type="stmt"/>
      <line num="63" count="2" type="stmt"/>
    </file>
  </project>
</coverage>
