{"/Users/moayed/Desktop/Projects/CareAI/src/components/MessageInput.tsx": {"path":"/Users/moayed/Desktop/Projects/CareAI/src/components/MessageInput.tsx","statementMap":{"0":{"start":{"line":11,"column":57},"end":{"line":79,"column":1}},"1":{"start":{"line":12,"column":56},"end":{"line":12,"column":78}},"2":{"start":{"line":14,"column":27},"end":{"line":29,"column":3}},"3":{"start":{"line":15,"column":24},"end":{"line":15,"column":61}},"4":{"start":{"line":16,"column":4},"end":{"line":16,"column":40}},"5":{"start":{"line":18,"column":4},"end":{"line":28,"column":7}},"6":{"start":{"line":31,"column":21},"end":{"line":38,"column":3}},"7":{"start":{"line":32,"column":4},"end":{"line":37,"column":5}},"8":{"start":{"line":33,"column":6},"end":{"line":33,"column":22}},"9":{"start":{"line":34,"column":6},"end":{"line":34,"column":39}},"10":{"start":{"line":36,"column":6},"end":{"line":36,"column":53}},"11":{"start":{"line":40,"column":28},"end":{"line":52,"column":3}},"12":{"start":{"line":41,"column":4},"end":{"line":51,"column":5}},"13":{"start":{"line":42,"column":25},"end":{"line":42,"column":80}},"14":{"start":{"line":43,"column":6},"end":{"line":48,"column":7}},"15":{"start":{"line":44,"column":8},"end":{"line":44,"column":24}},"16":{"start":{"line":45,"column":8},"end":{"line":45,"column":41}},"17":{"start":{"line":47,"column":8},"end":{"line":47,"column":53}},"18":{"start":{"line":50,"column":6},"end":{"line":50,"column":55}},"19":{"start":{"line":54,"column":2},"end":{"line":78,"column":4}},"20":{"start":{"line":63,"column":23},"end":{"line":63,"column":49}}},"fnMap":{"0":{"name":"(anonymous_0)","decl":{"start":{"line":11,"column":57},"end":{"line":11,"column":58}},"loc":{"start":{"line":11,"column":88},"end":{"line":79,"column":1}},"line":11},"1":{"name":"(anonymous_1)","decl":{"start":{"line":14,"column":27},"end":{"line":14,"column":28}},"loc":{"start":{"line":14,"column":67},"end":{"line":29,"column":3}},"line":14},"2":{"name":"(anonymous_2)","decl":{"start":{"line":31,"column":21},"end":{"line":31,"column":22}},"loc":{"start":{"line":31,"column":42},"end":{"line":38,"column":3}},"line":31},"3":{"name":"(anonymous_3)","decl":{"start":{"line":40,"column":28},"end":{"line":40,"column":29}},"loc":{"start":{"line":40,"column":40},"end":{"line":52,"column":3}},"line":40},"4":{"name":"(anonymous_4)","decl":{"start":{"line":59,"column":22},"end":{"line":59,"column":23}},"loc":{"start":{"line":59,"column":28},"end":{"line":59,"column":30}},"line":59},"5":{"name":"(anonymous_5)","decl":{"start":{"line":63,"column":17},"end":{"line":63,"column":18}},"loc":{"start":{"line":63,"column":23},"end":{"line":63,"column":49}},"line":63}},"branchMap":{"0":{"loc":{"start":{"line":18,"column":28},"end":{"line":18,"column":69}},"type":"binary-expr","locations":[{"start":{"line":18,"column":28},"end":{"line":18,"column":33}},{"start":{"line":18,"column":37},"end":{"line":18,"column":69}}],"line":18},"1":{"loc":{"start":{"line":43,"column":6},"end":{"line":48,"column":7}},"type":"if","locations":[{"start":{"line":43,"column":6},"end":{"line":48,"column":7}},{"start":{"line":46,"column":13},"end":{"line":48,"column":7}}],"line":43}},"s":{"0":1,"1":9,"2":9,"3":5,"4":5,"5":5,"6":9,"7":2,"8":2,"9":2,"10":0,"11":9,"12":3,"13":3,"14":3,"15":2,"16":2,"17":1,"18":0,"19":9,"20":2},"f":{"0":9,"1":5,"2":2,"3":3,"4":0,"5":2},"b":{"0":[5,5],"1":[2,1]},"_coverageSchema":"1a1c01bbd47fc00a2c39e90264f33305004495a9","hash":"8a9d45aa691cdd8a7bbfc705568900edc73213a5"}
}
