TN:
SF:src/components/MessageInput.tsx
FN:11,(anonymous_0)
FN:14,(anonymous_1)
FN:31,(anonymous_2)
FN:40,(anonymous_3)
FN:59,(anonymous_4)
FN:63,(anonymous_5)
FNF:6
FNH:5
FNDA:9,(anonymous_0)
FNDA:5,(anonymous_1)
FNDA:2,(anonymous_2)
FNDA:3,(anonymous_3)
FNDA:0,(anonymous_4)
FNDA:2,(anonymous_5)
DA:11,1
DA:12,9
DA:14,9
DA:15,5
DA:16,5
DA:18,5
DA:31,9
DA:32,2
DA:33,2
DA:34,2
DA:36,0
DA:40,9
DA:41,3
DA:42,3
DA:43,3
DA:44,2
DA:45,2
DA:47,1
DA:50,0
DA:54,9
DA:63,2
LF:21
LH:19
BRDA:18,0,0,5
BRDA:18,0,1,5
BRDA:43,1,0,2
BRDA:43,1,1,1
BRF:4
BRH:4
end_of_record
